2022-01-21 20:48:40,884 INFO org.springframework.boot.StartupInfoLogger [restartedMain] Starting DriverAppApplication on DESKTOP-OK73JVQ with PID 6184 (C:\Users\Jitendra Kumar\Downloads\oauth-server-master (1)\oauth-server-master\target\classes started by Jitendra Kumar in C:\Users\Jitendra Kumar\Downloads\oauth-server-master (1)\oauth-server-master)
2022-01-21 20:48:40,891 INFO org.springframework.boot.SpringApplication [restartedMain] No active profile set, falling back to default profiles: default
2022-01-21 20:48:41,280 INFO org.springframework.boot.logging.DeferredLog [restartedMain] The Class-Path manifest attribute in C:\Users\Jitendra Kumar\.m2\repository\org\glassfish\jaxb\jaxb-runtime\2.3.2\jaxb-runtime-2.3.2.jar referenced one or more files that do not exist: file:/C:/Users/Jitendra%20Kumar/.m2/repository/org/glassfish/jaxb/jaxb-runtime/2.3.2/jakarta.xml.bind-api-2.3.2.jar,file:/C:/Users/Jitendra%20Kumar/.m2/repository/org/glassfish/jaxb/jaxb-runtime/2.3.2/txw2-2.3.2.jar,file:/C:/Users/Jitendra%20Kumar/.m2/repository/org/glassfish/jaxb/jaxb-runtime/2.3.2/istack-commons-runtime-3.0.8.jar,file:/C:/Users/Jitendra%20Kumar/.m2/repository/org/glassfish/jaxb/jaxb-runtime/2.3.2/stax-ex-1.8.1.jar,file:/C:/Users/Jitendra%20Kumar/.m2/repository/org/glassfish/jaxb/jaxb-runtime/2.3.2/FastInfoset-1.2.16.jar,file:/C:/Users/Jitendra%20Kumar/.m2/repository/org/glassfish/jaxb/jaxb-runtime/2.3.2/jakarta.activation-api-1.2.1.jar
2022-01-21 20:48:41,281 INFO org.springframework.boot.logging.DeferredLog [restartedMain] Devtools property defaults active! Set 'spring.devtools.add-properties' to 'false' to disable
2022-01-21 20:48:41,282 INFO org.springframework.boot.logging.DeferredLog [restartedMain] For additional web related logging consider setting the 'logging.level.web' property to 'DEBUG'
2022-01-21 20:48:46,071 INFO org.springframework.data.repository.config.RepositoryConfigurationDelegate [restartedMain] Bootstrapping Spring Data JPA repositories in DEFAULT mode.
2022-01-21 20:48:46,294 INFO org.springframework.data.repository.config.RepositoryConfigurationDelegate [restartedMain] Finished Spring Data repository scanning in 196ms. Found 1 JPA repository interfaces.
2022-01-21 20:48:47,108 INFO org.springframework.context.support.PostProcessorRegistrationDelegate$BeanPostProcessorChecker [restartedMain] Bean 'org.springframework.security.config.annotation.configuration.ObjectPostProcessorConfiguration' of type [org.springframework.security.config.annotation.configuration.ObjectPostProcessorConfiguration] is not eligible for getting processed by all BeanPostProcessors (for example: not eligible for auto-proxying)
2022-01-21 20:48:47,114 INFO org.springframework.context.support.PostProcessorRegistrationDelegate$BeanPostProcessorChecker [restartedMain] Bean 'objectPostProcessor' of type [org.springframework.security.config.annotation.configuration.AutowireBeanFactoryObjectPostProcessor] is not eligible for getting processed by all BeanPostProcessors (for example: not eligible for auto-proxying)
2022-01-21 20:48:47,118 INFO org.springframework.context.support.PostProcessorRegistrationDelegate$BeanPostProcessorChecker [restartedMain] Bean 'org.springframework.security.access.expression.method.DefaultMethodSecurityExpressionHandler@ef2040' of type [org.springframework.security.access.expression.method.DefaultMethodSecurityExpressionHandler] is not eligible for getting processed by all BeanPostProcessors (for example: not eligible for auto-proxying)
2022-01-21 20:48:47,123 INFO org.springframework.context.support.PostProcessorRegistrationDelegate$BeanPostProcessorChecker [restartedMain] Bean 'org.springframework.security.config.annotation.method.configuration.GlobalMethodSecurityConfiguration' of type [org.springframework.security.config.annotation.method.configuration.GlobalMethodSecurityConfiguration] is not eligible for getting processed by all BeanPostProcessors (for example: not eligible for auto-proxying)
2022-01-21 20:48:47,130 INFO org.springframework.context.support.PostProcessorRegistrationDelegate$BeanPostProcessorChecker [restartedMain] Bean 'methodSecurityMetadataSource' of type [org.springframework.security.access.method.DelegatingMethodSecurityMetadataSource] is not eligible for getting processed by all BeanPostProcessors (for example: not eligible for auto-proxying)
2022-01-21 20:48:47,659 INFO org.springframework.boot.web.embedded.tomcat.TomcatWebServer [restartedMain] Tomcat initialized with port(s): 8080 (http)
2022-01-21 20:48:47,677 INFO org.apache.juli.logging.DirectJDKLog [restartedMain] Initializing ProtocolHandler ["http-nio-8080"]
2022-01-21 20:48:47,679 INFO org.apache.juli.logging.DirectJDKLog [restartedMain] Starting service [Tomcat]
2022-01-21 20:48:47,680 INFO org.apache.juli.logging.DirectJDKLog [restartedMain] Starting Servlet engine: [Apache Tomcat/9.0.33]
2022-01-21 20:48:47,893 INFO org.apache.juli.logging.DirectJDKLog [restartedMain] Initializing Spring embedded WebApplicationContext
2022-01-21 20:48:47,893 INFO org.springframework.boot.web.servlet.context.ServletWebServerApplicationContext [restartedMain] Root WebApplicationContext: initialization completed in 6610 ms
2022-01-21 20:48:47,981 INFO com.zaxxer.hikari.HikariDataSource [restartedMain] HikariPool-1 - Starting...
2022-01-21 20:48:48,372 INFO com.zaxxer.hikari.HikariDataSource [restartedMain] HikariPool-1 - Start completed.
2022-01-21 20:48:48,668 INFO org.hibernate.jpa.internal.util.LogHelper [restartedMain] HHH000204: Processing PersistenceUnitInfo [name: default]
2022-01-21 20:48:48,809 INFO org.hibernate.Version [restartedMain] HHH000412: Hibernate ORM core version 5.4.12.Final
2022-01-21 20:48:49,070 INFO org.hibernate.annotations.common.reflection.java.JavaReflectionManager [restartedMain] HCANN000001: Hibernate Commons Annotations {5.1.0.Final}
2022-01-21 20:48:49,371 INFO org.hibernate.dialect.Dialect [restartedMain] HHH000400: Using dialect: org.hibernate.dialect.H2Dialect
2022-01-21 20:48:50,949 INFO org.hibernate.engine.transaction.jta.platform.internal.JtaPlatformInitiator [restartedMain] HHH000490: Using JtaPlatform implementation: [org.hibernate.engine.transaction.jta.platform.internal.NoJtaPlatform]
2022-01-21 20:48:51,108 INFO org.springframework.orm.jpa.AbstractEntityManagerFactoryBean [restartedMain] Initialized JPA EntityManagerFactory for persistence unit 'default'
2022-01-21 20:48:51,411 INFO org.springframework.boot.devtools.autoconfigure.OptionalLiveReloadServer [restartedMain] LiveReload server is running on port 35729
2022-01-21 20:48:53,178 INFO springfox.documentation.spring.web.PropertySourcedRequestMappingHandlerMapping [restartedMain] Mapped URL path [/v2/api-docs] onto method [springfox.documentation.swagger2.web.Swagger2Controller#getDocumentation(String, HttpServletRequest)]
2022-01-21 20:48:54,163 INFO org.springframework.security.web.DefaultSecurityFilterChain [restartedMain] Creating filter chain: Ant [pattern='/v2/api-docs'], []
2022-01-21 20:48:54,164 INFO org.springframework.security.web.DefaultSecurityFilterChain [restartedMain] Creating filter chain: Ant [pattern='/configuration/ui'], []
2022-01-21 20:48:54,165 INFO org.springframework.security.web.DefaultSecurityFilterChain [restartedMain] Creating filter chain: Ant [pattern='/swagger-resources/**'], []
2022-01-21 20:48:54,166 INFO org.springframework.security.web.DefaultSecurityFilterChain [restartedMain] Creating filter chain: Ant [pattern='/configuration/**'], []
2022-01-21 20:48:54,167 INFO org.springframework.security.web.DefaultSecurityFilterChain [restartedMain] Creating filter chain: Ant [pattern='/swagger-ui.html'], []
2022-01-21 20:48:54,168 INFO org.springframework.security.web.DefaultSecurityFilterChain [restartedMain] Creating filter chain: Ant [pattern='/webjars/**'], []
2022-01-21 20:48:54,270 INFO org.springframework.security.web.DefaultSecurityFilterChain [restartedMain] Creating filter chain: OrRequestMatcher [requestMatchers=[Ant [pattern='/oauth/token'], Ant [pattern='/oauth/token_key'], Ant [pattern='/oauth/check_token']]], [org.springframework.security.web.context.request.async.WebAsyncManagerIntegrationFilter@397e78d4, org.springframework.security.web.context.SecurityContextPersistenceFilter@26144e8, org.springframework.security.web.header.HeaderWriterFilter@51fe5a10, org.springframework.security.web.authentication.logout.LogoutFilter@723e82d0, org.springframework.security.web.authentication.www.BasicAuthenticationFilter@47e0a40d, org.springframework.security.web.savedrequest.RequestCacheAwareFilter@55166042, org.springframework.security.web.servletapi.SecurityContextHolderAwareRequestFilter@50f57c17, org.springframework.security.web.authentication.AnonymousAuthenticationFilter@54333e35, org.springframework.security.web.session.SessionManagementFilter@9822e20, org.springframework.security.web.access.ExceptionTranslationFilter@57aaac59, org.springframework.security.web.access.intercept.FilterSecurityInterceptor@fe3194c]
2022-01-21 20:48:54,293 INFO org.springframework.security.web.DefaultSecurityFilterChain [restartedMain] Creating filter chain: org.springframework.security.oauth2.config.annotation.web.configuration.ResourceServerConfiguration$NotOAuthRequestMatcher@fcf4f3e, [org.springframework.security.web.context.request.async.WebAsyncManagerIntegrationFilter@6b717c69, org.springframework.security.web.context.SecurityContextPersistenceFilter@4aa165c8, org.springframework.security.web.header.HeaderWriterFilter@2fa6e1c0, org.springframework.security.web.authentication.logout.LogoutFilter@6c9f8389, org.springframework.security.oauth2.provider.authentication.OAuth2AuthenticationProcessingFilter@7fffe085, org.springframework.security.web.savedrequest.RequestCacheAwareFilter@928af03, org.springframework.security.web.servletapi.SecurityContextHolderAwareRequestFilter@1118f707, org.springframework.security.web.authentication.AnonymousAuthenticationFilter@37b607eb, org.springframework.security.web.session.SessionManagementFilter@20938cd6, org.springframework.security.web.access.ExceptionTranslationFilter@52823916, org.springframework.security.web.access.intercept.FilterSecurityInterceptor@1a3dd8d1]
2022-01-21 20:48:54,311 INFO org.springframework.security.web.DefaultSecurityFilterChain [restartedMain] Creating filter chain: any request, [org.springframework.security.web.context.request.async.WebAsyncManagerIntegrationFilter@39a36eb9, org.springframework.security.web.context.SecurityContextPersistenceFilter@59668496, org.springframework.security.web.header.HeaderWriterFilter@302c663a, org.springframework.security.web.csrf.CsrfFilter@3ebe5184, org.springframework.security.web.authentication.logout.LogoutFilter@2ff4b6c6, org.springframework.security.web.authentication.UsernamePasswordAuthenticationFilter@33958f3b, org.springframework.security.web.authentication.ui.DefaultLoginPageGeneratingFilter@7d131b0d, org.springframework.security.web.authentication.ui.DefaultLogoutPageGeneratingFilter@7681d8ee, org.springframework.security.web.authentication.www.BasicAuthenticationFilter@3a87d20a, org.springframework.security.web.savedrequest.RequestCacheAwareFilter@7db849ed, org.springframework.security.web.servletapi.SecurityContextHolderAwareRequestFilter@2ef6fdd6, org.springframework.security.web.authentication.AnonymousAuthenticationFilter@69f27d52, org.springframework.security.web.session.SessionManagementFilter@1518c5c0, org.springframework.security.web.access.ExceptionTranslationFilter@4b5de4eb, org.springframework.security.web.access.intercept.FilterSecurityInterceptor@2acca43f]
2022-01-21 20:48:54,565 INFO org.springframework.scheduling.concurrent.ExecutorConfigurationSupport [restartedMain] Initializing ExecutorService 'applicationTaskExecutor'
2022-01-21 20:48:54,918 INFO springfox.documentation.spring.web.plugins.DocumentationPluginsBootstrapper [restartedMain] Context refreshed
2022-01-21 20:48:54,965 INFO springfox.documentation.spring.web.plugins.DocumentationPluginsBootstrapper [restartedMain] Found 1 custom documentation plugin(s)
2022-01-21 20:48:55,062 INFO springfox.documentation.spring.web.scanners.ApiListingReferenceScanner [restartedMain] Scanning for api listing references
2022-01-21 20:48:55,965 INFO org.apache.juli.logging.DirectJDKLog [restartedMain] Starting ProtocolHandler ["http-nio-8080"]
2022-01-21 20:48:56,007 INFO org.springframework.boot.web.embedded.tomcat.TomcatWebServer [restartedMain] Tomcat started on port(s): 8080 (http) with context path '/api'
2022-01-21 20:48:56,011 INFO org.springframework.boot.StartupInfoLogger [restartedMain] Started DriverAppApplication in 15.76 seconds (JVM running for 19.749)
2022-01-21 20:57:43,462 INFO org.springframework.boot.admin.SpringApplicationAdminMXBeanRegistrar$SpringApplicationAdmin [RMI TCP Connection(17)-127.0.0.1] Application shutdown requested.
2022-01-21 20:57:43,477 INFO org.springframework.scheduling.concurrent.ExecutorConfigurationSupport [RMI TCP Connection(17)-127.0.0.1] Shutting down ExecutorService 'applicationTaskExecutor'
2022-01-21 20:57:43,486 INFO org.springframework.orm.jpa.AbstractEntityManagerFactoryBean [RMI TCP Connection(17)-127.0.0.1] Closing JPA EntityManagerFactory for persistence unit 'default'
2022-01-21 20:57:43,536 INFO com.zaxxer.hikari.HikariDataSource [RMI TCP Connection(17)-127.0.0.1] HikariPool-1 - Shutdown initiated...
2022-01-21 20:57:43,570 INFO com.zaxxer.hikari.HikariDataSource [RMI TCP Connection(17)-127.0.0.1] HikariPool-1 - Shutdown completed.
