2022-01-23 20:55:57,113 INFO org.springframework.boot.StartupInfoLogger [restartedMain] Starting DriverAppApplication on DESKTOP-OK73JVQ with PID 8796 (D:\Git Project\authentication-server\spring-boot-oauth2-login-authentication\target\classes started by Jitendra Kumar in D:\Git Project\authentication-server\spring-boot-oauth2-login-authentication)
2022-01-23 20:55:57,121 INFO org.springframework.boot.SpringApplication [restartedMain] No active profile set, falling back to default profiles: default
2022-01-23 20:55:57,238 INFO org.springframework.boot.logging.DeferredLog [restartedMain] The Class-Path manifest attribute in C:\Users\Jitendra Kumar\.m2\repository\org\glassfish\jaxb\jaxb-runtime\2.3.2\jaxb-runtime-2.3.2.jar referenced one or more files that do not exist: file:/C:/Users/Jitendra%20Kumar/.m2/repository/org/glassfish/jaxb/jaxb-runtime/2.3.2/jakarta.xml.bind-api-2.3.2.jar,file:/C:/Users/Jitendra%20Kumar/.m2/repository/org/glassfish/jaxb/jaxb-runtime/2.3.2/txw2-2.3.2.jar,file:/C:/Users/Jitendra%20Kumar/.m2/repository/org/glassfish/jaxb/jaxb-runtime/2.3.2/istack-commons-runtime-3.0.8.jar,file:/C:/Users/Jitendra%20Kumar/.m2/repository/org/glassfish/jaxb/jaxb-runtime/2.3.2/stax-ex-1.8.1.jar,file:/C:/Users/Jitendra%20Kumar/.m2/repository/org/glassfish/jaxb/jaxb-runtime/2.3.2/FastInfoset-1.2.16.jar,file:/C:/Users/Jitendra%20Kumar/.m2/repository/org/glassfish/jaxb/jaxb-runtime/2.3.2/jakarta.activation-api-1.2.1.jar
2022-01-23 20:55:57,240 INFO org.springframework.boot.logging.DeferredLog [restartedMain] Devtools property defaults active! Set 'spring.devtools.add-properties' to 'false' to disable
2022-01-23 20:55:57,241 INFO org.springframework.boot.logging.DeferredLog [restartedMain] For additional web related logging consider setting the 'logging.level.web' property to 'DEBUG'
2022-01-23 20:55:59,064 INFO org.springframework.data.repository.config.RepositoryConfigurationDelegate [restartedMain] Bootstrapping Spring Data JPA repositories in DEFAULT mode.
2022-01-23 20:55:59,176 INFO org.springframework.data.repository.config.RepositoryConfigurationDelegate [restartedMain] Finished Spring Data repository scanning in 96ms. Found 1 JPA repository interfaces.
2022-01-23 20:55:59,866 INFO org.springframework.context.support.PostProcessorRegistrationDelegate$BeanPostProcessorChecker [restartedMain] Bean 'org.springframework.security.config.annotation.configuration.ObjectPostProcessorConfiguration' of type [org.springframework.security.config.annotation.configuration.ObjectPostProcessorConfiguration] is not eligible for getting processed by all BeanPostProcessors (for example: not eligible for auto-proxying)
2022-01-23 20:55:59,871 INFO org.springframework.context.support.PostProcessorRegistrationDelegate$BeanPostProcessorChecker [restartedMain] Bean 'objectPostProcessor' of type [org.springframework.security.config.annotation.configuration.AutowireBeanFactoryObjectPostProcessor] is not eligible for getting processed by all BeanPostProcessors (for example: not eligible for auto-proxying)
2022-01-23 20:55:59,874 INFO org.springframework.context.support.PostProcessorRegistrationDelegate$BeanPostProcessorChecker [restartedMain] Bean 'org.springframework.security.access.expression.method.DefaultMethodSecurityExpressionHandler@4147ff0c' of type [org.springframework.security.access.expression.method.DefaultMethodSecurityExpressionHandler] is not eligible for getting processed by all BeanPostProcessors (for example: not eligible for auto-proxying)
2022-01-23 20:55:59,877 INFO org.springframework.context.support.PostProcessorRegistrationDelegate$BeanPostProcessorChecker [restartedMain] Bean 'org.springframework.security.config.annotation.method.configuration.GlobalMethodSecurityConfiguration' of type [org.springframework.security.config.annotation.method.configuration.GlobalMethodSecurityConfiguration] is not eligible for getting processed by all BeanPostProcessors (for example: not eligible for auto-proxying)
2022-01-23 20:55:59,883 INFO org.springframework.context.support.PostProcessorRegistrationDelegate$BeanPostProcessorChecker [restartedMain] Bean 'methodSecurityMetadataSource' of type [org.springframework.security.access.method.DelegatingMethodSecurityMetadataSource] is not eligible for getting processed by all BeanPostProcessors (for example: not eligible for auto-proxying)
2022-01-23 20:56:00,334 INFO org.springframework.boot.web.embedded.tomcat.TomcatWebServer [restartedMain] Tomcat initialized with port(s): 8080 (http)
2022-01-23 20:56:00,349 INFO org.apache.juli.logging.DirectJDKLog [restartedMain] Initializing ProtocolHandler ["http-nio-8080"]
2022-01-23 20:56:00,351 INFO org.apache.juli.logging.DirectJDKLog [restartedMain] Starting service [Tomcat]
2022-01-23 20:56:00,351 INFO org.apache.juli.logging.DirectJDKLog [restartedMain] Starting Servlet engine: [Apache Tomcat/9.0.33]
2022-01-23 20:56:00,603 INFO org.apache.juli.logging.DirectJDKLog [restartedMain] Initializing Spring embedded WebApplicationContext
2022-01-23 20:56:00,605 INFO org.springframework.boot.web.servlet.context.ServletWebServerApplicationContext [restartedMain] Root WebApplicationContext: initialization completed in 3363 ms
2022-01-23 20:56:00,684 INFO com.zaxxer.hikari.HikariDataSource [restartedMain] HikariPool-1 - Starting...
2022-01-23 20:56:01,041 INFO com.zaxxer.hikari.HikariDataSource [restartedMain] HikariPool-1 - Start completed.
2022-01-23 20:56:01,288 INFO org.hibernate.jpa.internal.util.LogHelper [restartedMain] HHH000204: Processing PersistenceUnitInfo [name: default]
2022-01-23 20:56:01,412 INFO org.hibernate.Version [restartedMain] HHH000412: Hibernate ORM core version 5.4.12.Final
2022-01-23 20:56:01,701 INFO org.hibernate.annotations.common.reflection.java.JavaReflectionManager [restartedMain] HCANN000001: Hibernate Commons Annotations {5.1.0.Final}
2022-01-23 20:56:01,877 INFO org.hibernate.dialect.Dialect [restartedMain] HHH000400: Using dialect: org.hibernate.dialect.H2Dialect
2022-01-23 20:56:02,989 INFO org.hibernate.engine.transaction.jta.platform.internal.JtaPlatformInitiator [restartedMain] HHH000490: Using JtaPlatform implementation: [org.hibernate.engine.transaction.jta.platform.internal.NoJtaPlatform]
2022-01-23 20:56:02,999 INFO org.springframework.orm.jpa.AbstractEntityManagerFactoryBean [restartedMain] Initialized JPA EntityManagerFactory for persistence unit 'default'
2022-01-23 20:56:03,081 INFO org.springframework.boot.devtools.autoconfigure.OptionalLiveReloadServer [restartedMain] LiveReload server is running on port 35729
2022-01-23 20:56:05,231 INFO springfox.documentation.spring.web.PropertySourcedRequestMappingHandlerMapping [restartedMain] Mapped URL path [/v2/api-docs] onto method [springfox.documentation.swagger2.web.Swagger2Controller#getDocumentation(String, HttpServletRequest)]
2022-01-23 20:56:05,846 INFO org.springframework.security.web.DefaultSecurityFilterChain [restartedMain] Creating filter chain: Ant [pattern='/v2/api-docs'], []
2022-01-23 20:56:05,847 INFO org.springframework.security.web.DefaultSecurityFilterChain [restartedMain] Creating filter chain: Ant [pattern='/configuration/ui'], []
2022-01-23 20:56:05,847 INFO org.springframework.security.web.DefaultSecurityFilterChain [restartedMain] Creating filter chain: Ant [pattern='/swagger-resources/**'], []
2022-01-23 20:56:05,847 INFO org.springframework.security.web.DefaultSecurityFilterChain [restartedMain] Creating filter chain: Ant [pattern='/configuration/**'], []
2022-01-23 20:56:05,847 INFO org.springframework.security.web.DefaultSecurityFilterChain [restartedMain] Creating filter chain: Ant [pattern='/swagger-ui.html'], []
2022-01-23 20:56:05,848 INFO org.springframework.security.web.DefaultSecurityFilterChain [restartedMain] Creating filter chain: Ant [pattern='/webjars/**'], []
2022-01-23 20:56:05,897 INFO org.springframework.security.web.DefaultSecurityFilterChain [restartedMain] Creating filter chain: OrRequestMatcher [requestMatchers=[Ant [pattern='/oauth/token'], Ant [pattern='/oauth/token_key'], Ant [pattern='/oauth/check_token']]], [org.springframework.security.web.context.request.async.WebAsyncManagerIntegrationFilter@60269955, org.springframework.security.web.context.SecurityContextPersistenceFilter@17e2f535, org.springframework.security.web.header.HeaderWriterFilter@53d7579d, org.springframework.security.web.authentication.logout.LogoutFilter@4249a3ae, org.springframework.security.web.authentication.www.BasicAuthenticationFilter@1fc07220, org.springframework.security.web.savedrequest.RequestCacheAwareFilter@69cad883, org.springframework.security.web.servletapi.SecurityContextHolderAwareRequestFilter@1b1ae6c5, org.springframework.security.web.authentication.AnonymousAuthenticationFilter@1178580e, org.springframework.security.web.session.SessionManagementFilter@62f0c1e2, org.springframework.security.web.access.ExceptionTranslationFilter@5bc5a294, org.springframework.security.web.access.intercept.FilterSecurityInterceptor@19752cdc]
2022-01-23 20:56:05,912 INFO org.springframework.security.web.DefaultSecurityFilterChain [restartedMain] Creating filter chain: org.springframework.security.oauth2.config.annotation.web.configuration.ResourceServerConfiguration$NotOAuthRequestMatcher@1b10f5e4, [org.springframework.security.web.context.request.async.WebAsyncManagerIntegrationFilter@3639493a, org.springframework.security.web.context.SecurityContextPersistenceFilter@3b60c88d, org.springframework.security.web.header.HeaderWriterFilter@72ca16aa, org.springframework.security.web.authentication.logout.LogoutFilter@240e1615, org.springframework.security.oauth2.provider.authentication.OAuth2AuthenticationProcessingFilter@4f0dc050, org.springframework.security.web.savedrequest.RequestCacheAwareFilter@5e9920ed, org.springframework.security.web.servletapi.SecurityContextHolderAwareRequestFilter@7c4412d2, org.springframework.security.web.authentication.AnonymousAuthenticationFilter@4f1cac7e, org.springframework.security.web.session.SessionManagementFilter@6e616afa, org.springframework.security.web.access.ExceptionTranslationFilter@59c78b7f, org.springframework.security.web.access.intercept.FilterSecurityInterceptor@52a3a7d]
2022-01-23 20:56:05,926 INFO org.springframework.security.web.DefaultSecurityFilterChain [restartedMain] Creating filter chain: any request, [org.springframework.security.web.context.request.async.WebAsyncManagerIntegrationFilter@3e3ccd88, org.springframework.security.web.context.SecurityContextPersistenceFilter@e5b11ea, org.springframework.security.web.header.HeaderWriterFilter@61923460, org.springframework.security.web.csrf.CsrfFilter@1c749e81, org.springframework.security.web.authentication.logout.LogoutFilter@7a8317ca, org.springframework.security.web.authentication.UsernamePasswordAuthenticationFilter@37cab216, org.springframework.security.web.authentication.ui.DefaultLoginPageGeneratingFilter@64bad36, org.springframework.security.web.authentication.ui.DefaultLogoutPageGeneratingFilter@3f47769, org.springframework.security.web.authentication.www.BasicAuthenticationFilter@1a8c6548, org.springframework.security.web.savedrequest.RequestCacheAwareFilter@58ce55c2, org.springframework.security.web.servletapi.SecurityContextHolderAwareRequestFilter@280f5b8f, org.springframework.security.web.authentication.AnonymousAuthenticationFilter@614c3f03, org.springframework.security.web.session.SessionManagementFilter@36630131, org.springframework.security.web.access.ExceptionTranslationFilter@73b4bef5, org.springframework.security.web.access.intercept.FilterSecurityInterceptor@8b6a87e]
2022-01-23 20:56:06,087 INFO org.springframework.scheduling.concurrent.ExecutorConfigurationSupport [restartedMain] Initializing ExecutorService 'applicationTaskExecutor'
2022-01-23 20:56:06,340 INFO springfox.documentation.spring.web.plugins.DocumentationPluginsBootstrapper [restartedMain] Context refreshed
2022-01-23 20:56:06,370 INFO springfox.documentation.spring.web.plugins.DocumentationPluginsBootstrapper [restartedMain] Found 1 custom documentation plugin(s)
2022-01-23 20:56:06,423 INFO springfox.documentation.spring.web.scanners.ApiListingReferenceScanner [restartedMain] Scanning for api listing references
2022-01-23 20:56:07,029 INFO org.apache.juli.logging.DirectJDKLog [restartedMain] Starting ProtocolHandler ["http-nio-8080"]
2022-01-23 20:56:07,064 INFO org.springframework.boot.web.embedded.tomcat.TomcatWebServer [restartedMain] Tomcat started on port(s): 8080 (http) with context path '/api'
2022-01-23 20:56:07,069 INFO org.springframework.boot.StartupInfoLogger [restartedMain] Started DriverAppApplication in 10.464 seconds (JVM running for 12.131)
2022-01-23 20:56:51,459 INFO org.springframework.scheduling.concurrent.ExecutorConfigurationSupport [Thread-5] Shutting down ExecutorService 'applicationTaskExecutor'
2022-01-23 20:56:51,468 INFO org.springframework.orm.jpa.AbstractEntityManagerFactoryBean [Thread-5] Closing JPA EntityManagerFactory for persistence unit 'default'
2022-01-23 20:56:51,479 INFO com.zaxxer.hikari.HikariDataSource [Thread-5] HikariPool-1 - Shutdown initiated...
2022-01-23 20:56:51,487 INFO com.zaxxer.hikari.HikariDataSource [Thread-5] HikariPool-1 - Shutdown completed.
2022-01-23 20:56:51,934 INFO org.springframework.boot.StartupInfoLogger [restartedMain] Starting DriverAppApplication on DESKTOP-OK73JVQ with PID 8796 (D:\Git Project\authentication-server\spring-boot-oauth2-login-authentication\target\classes started by Jitendra Kumar in D:\Git Project\authentication-server\spring-boot-oauth2-login-authentication)
2022-01-23 20:56:51,934 INFO org.springframework.boot.SpringApplication [restartedMain] No active profile set, falling back to default profiles: default
2022-01-23 20:56:52,398 INFO org.springframework.data.repository.config.RepositoryConfigurationDelegate [restartedMain] Bootstrapping Spring Data JPA repositories in DEFAULT mode.
2022-01-23 20:56:52,414 INFO org.springframework.data.repository.config.RepositoryConfigurationDelegate [restartedMain] Finished Spring Data repository scanning in 15ms. Found 1 JPA repository interfaces.
2022-01-23 20:56:52,542 INFO org.springframework.context.support.PostProcessorRegistrationDelegate$BeanPostProcessorChecker [restartedMain] Bean 'org.springframework.security.config.annotation.configuration.ObjectPostProcessorConfiguration' of type [org.springframework.security.config.annotation.configuration.ObjectPostProcessorConfiguration] is not eligible for getting processed by all BeanPostProcessors (for example: not eligible for auto-proxying)
2022-01-23 20:56:52,544 INFO org.springframework.context.support.PostProcessorRegistrationDelegate$BeanPostProcessorChecker [restartedMain] Bean 'objectPostProcessor' of type [org.springframework.security.config.annotation.configuration.AutowireBeanFactoryObjectPostProcessor] is not eligible for getting processed by all BeanPostProcessors (for example: not eligible for auto-proxying)
2022-01-23 20:56:52,545 INFO org.springframework.context.support.PostProcessorRegistrationDelegate$BeanPostProcessorChecker [restartedMain] Bean 'org.springframework.security.access.expression.method.DefaultMethodSecurityExpressionHandler@629f4d7f' of type [org.springframework.security.access.expression.method.DefaultMethodSecurityExpressionHandler] is not eligible for getting processed by all BeanPostProcessors (for example: not eligible for auto-proxying)
2022-01-23 20:56:52,547 INFO org.springframework.context.support.PostProcessorRegistrationDelegate$BeanPostProcessorChecker [restartedMain] Bean 'org.springframework.security.config.annotation.method.configuration.GlobalMethodSecurityConfiguration' of type [org.springframework.security.config.annotation.method.configuration.GlobalMethodSecurityConfiguration] is not eligible for getting processed by all BeanPostProcessors (for example: not eligible for auto-proxying)
2022-01-23 20:56:52,548 INFO org.springframework.context.support.PostProcessorRegistrationDelegate$BeanPostProcessorChecker [restartedMain] Bean 'methodSecurityMetadataSource' of type [org.springframework.security.access.method.DelegatingMethodSecurityMetadataSource] is not eligible for getting processed by all BeanPostProcessors (for example: not eligible for auto-proxying)
2022-01-23 20:56:52,641 INFO org.springframework.boot.web.embedded.tomcat.TomcatWebServer [restartedMain] Tomcat initialized with port(s): 8080 (http)
2022-01-23 20:56:52,643 INFO org.apache.juli.logging.DirectJDKLog [restartedMain] Initializing ProtocolHandler ["http-nio-8080"]
2022-01-23 20:56:52,643 INFO org.apache.juli.logging.DirectJDKLog [restartedMain] Starting service [Tomcat]
2022-01-23 20:56:52,644 INFO org.apache.juli.logging.DirectJDKLog [restartedMain] Starting Servlet engine: [Apache Tomcat/9.0.33]
2022-01-23 20:56:52,680 INFO org.apache.juli.logging.DirectJDKLog [restartedMain] Initializing Spring embedded WebApplicationContext
2022-01-23 20:56:52,681 INFO org.springframework.boot.web.servlet.context.ServletWebServerApplicationContext [restartedMain] Root WebApplicationContext: initialization completed in 744 ms
2022-01-23 20:56:52,709 INFO com.zaxxer.hikari.HikariDataSource [restartedMain] HikariPool-2 - Starting...
2022-01-23 20:56:52,728 INFO com.zaxxer.hikari.HikariDataSource [restartedMain] HikariPool-2 - Start completed.
2022-01-23 20:56:52,789 INFO org.hibernate.jpa.internal.util.LogHelper [restartedMain] HHH000204: Processing PersistenceUnitInfo [name: default]
2022-01-23 20:56:52,797 INFO org.hibernate.dialect.Dialect [restartedMain] HHH000400: Using dialect: org.hibernate.dialect.H2Dialect
2022-01-23 20:56:52,956 INFO org.hibernate.engine.transaction.jta.platform.internal.JtaPlatformInitiator [restartedMain] HHH000490: Using JtaPlatform implementation: [org.hibernate.engine.transaction.jta.platform.internal.NoJtaPlatform]
2022-01-23 20:56:52,956 INFO org.springframework.orm.jpa.AbstractEntityManagerFactoryBean [restartedMain] Initialized JPA EntityManagerFactory for persistence unit 'default'
2022-01-23 20:56:52,990 INFO org.springframework.boot.devtools.autoconfigure.OptionalLiveReloadServer [restartedMain] LiveReload server is running on port 35729
2022-01-23 20:56:53,383 INFO springfox.documentation.spring.web.PropertySourcedRequestMappingHandlerMapping [restartedMain] Mapped URL path [/v2/api-docs] onto method [springfox.documentation.swagger2.web.Swagger2Controller#getDocumentation(String, HttpServletRequest)]
2022-01-23 20:56:53,591 INFO org.springframework.security.web.DefaultSecurityFilterChain [restartedMain] Creating filter chain: Ant [pattern='/v2/api-docs'], []
2022-01-23 20:56:53,591 INFO org.springframework.security.web.DefaultSecurityFilterChain [restartedMain] Creating filter chain: Ant [pattern='/configuration/ui'], []
2022-01-23 20:56:53,591 INFO org.springframework.security.web.DefaultSecurityFilterChain [restartedMain] Creating filter chain: Ant [pattern='/swagger-resources/**'], []
2022-01-23 20:56:53,591 INFO org.springframework.security.web.DefaultSecurityFilterChain [restartedMain] Creating filter chain: Ant [pattern='/configuration/**'], []
2022-01-23 20:56:53,592 INFO org.springframework.security.web.DefaultSecurityFilterChain [restartedMain] Creating filter chain: Ant [pattern='/swagger-ui.html'], []
2022-01-23 20:56:53,592 INFO org.springframework.security.web.DefaultSecurityFilterChain [restartedMain] Creating filter chain: Ant [pattern='/webjars/**'], []
2022-01-23 20:56:53,609 INFO org.springframework.security.web.DefaultSecurityFilterChain [restartedMain] Creating filter chain: OrRequestMatcher [requestMatchers=[Ant [pattern='/oauth/token'], Ant [pattern='/oauth/token_key'], Ant [pattern='/oauth/check_token']]], [org.springframework.security.web.context.request.async.WebAsyncManagerIntegrationFilter@329e0895, org.springframework.security.web.context.SecurityContextPersistenceFilter@6dae3f51, org.springframework.security.web.header.HeaderWriterFilter@448e5d2b, org.springframework.security.web.authentication.logout.LogoutFilter@72b92164, org.springframework.security.web.authentication.www.BasicAuthenticationFilter@39f65e82, org.springframework.security.web.savedrequest.RequestCacheAwareFilter@151fcf87, org.springframework.security.web.servletapi.SecurityContextHolderAwareRequestFilter@23cebf0a, org.springframework.security.web.authentication.AnonymousAuthenticationFilter@53b09963, org.springframework.security.web.session.SessionManagementFilter@57835e29, org.springframework.security.web.access.ExceptionTranslationFilter@202b1c47, org.springframework.security.web.access.intercept.FilterSecurityInterceptor@44d50c15]
2022-01-23 20:56:53,617 INFO org.springframework.security.web.DefaultSecurityFilterChain [restartedMain] Creating filter chain: org.springframework.security.oauth2.config.annotation.web.configuration.ResourceServerConfiguration$NotOAuthRequestMatcher@42b534f, [org.springframework.security.web.context.request.async.WebAsyncManagerIntegrationFilter@4203437b, org.springframework.security.web.context.SecurityContextPersistenceFilter@5e74200e, org.springframework.security.web.header.HeaderWriterFilter@5327d4f3, org.springframework.security.web.authentication.logout.LogoutFilter@14cd2bd6, org.springframework.security.oauth2.provider.authentication.OAuth2AuthenticationProcessingFilter@13d54bc7, org.springframework.security.web.savedrequest.RequestCacheAwareFilter@101f428e, org.springframework.security.web.servletapi.SecurityContextHolderAwareRequestFilter@7d729c32, org.springframework.security.web.authentication.AnonymousAuthenticationFilter@6f2c3aa4, org.springframework.security.web.session.SessionManagementFilter@50f8cb5f, org.springframework.security.web.access.ExceptionTranslationFilter@6045cc12, org.springframework.security.web.access.intercept.FilterSecurityInterceptor@7b57c799]
2022-01-23 20:56:53,626 INFO org.springframework.security.web.DefaultSecurityFilterChain [restartedMain] Creating filter chain: any request, [org.springframework.security.web.context.request.async.WebAsyncManagerIntegrationFilter@2d3430b9, org.springframework.security.web.context.SecurityContextPersistenceFilter@4b38d3ac, org.springframework.security.web.header.HeaderWriterFilter@27b58f6e, org.springframework.security.web.csrf.CsrfFilter@59a97356, org.springframework.security.web.authentication.logout.LogoutFilter@6e5c47cf, org.springframework.security.web.authentication.UsernamePasswordAuthenticationFilter@770848cd, org.springframework.security.web.authentication.ui.DefaultLoginPageGeneratingFilter@2d0387c6, org.springframework.security.web.authentication.ui.DefaultLogoutPageGeneratingFilter@6858f552, org.springframework.security.web.authentication.www.BasicAuthenticationFilter@16e8e074, org.springframework.security.web.savedrequest.RequestCacheAwareFilter@360f16cd, org.springframework.security.web.servletapi.SecurityContextHolderAwareRequestFilter@3dca319d, org.springframework.security.web.authentication.AnonymousAuthenticationFilter@5da396b4, org.springframework.security.web.session.SessionManagementFilter@5919281a, org.springframework.security.web.access.ExceptionTranslationFilter@2dfa0600, org.springframework.security.web.access.intercept.FilterSecurityInterceptor@4360d934]
2022-01-23 20:56:53,706 INFO org.springframework.scheduling.concurrent.ExecutorConfigurationSupport [restartedMain] Initializing ExecutorService 'applicationTaskExecutor'
2022-01-23 20:56:53,816 INFO springfox.documentation.spring.web.plugins.DocumentationPluginsBootstrapper [restartedMain] Context refreshed
2022-01-23 20:56:53,817 INFO springfox.documentation.spring.web.plugins.DocumentationPluginsBootstrapper [restartedMain] Found 1 custom documentation plugin(s)
2022-01-23 20:56:53,828 INFO springfox.documentation.spring.web.scanners.ApiListingReferenceScanner [restartedMain] Scanning for api listing references
2022-01-23 20:56:54,081 INFO org.apache.juli.logging.DirectJDKLog [restartedMain] Starting ProtocolHandler ["http-nio-8080"]
2022-01-23 20:56:54,087 INFO org.springframework.boot.web.embedded.tomcat.TomcatWebServer [restartedMain] Tomcat started on port(s): 8080 (http) with context path '/api'
2022-01-23 20:56:54,090 INFO org.springframework.boot.StartupInfoLogger [restartedMain] Started DriverAppApplication in 2.2 seconds (JVM running for 59.153)
2022-01-23 20:56:54,096 INFO org.springframework.boot.devtools.autoconfigure.ConditionEvaluationDeltaLoggingListener [restartedMain] Condition evaluation unchanged
2022-01-23 20:59:22,234 INFO org.springframework.boot.admin.SpringApplicationAdminMXBeanRegistrar$SpringApplicationAdmin [RMI TCP Connection(15)-127.0.0.1] Application shutdown requested.
2022-01-23 20:59:22,236 INFO org.springframework.scheduling.concurrent.ExecutorConfigurationSupport [RMI TCP Connection(15)-127.0.0.1] Shutting down ExecutorService 'applicationTaskExecutor'
2022-01-23 20:59:22,239 INFO org.springframework.orm.jpa.AbstractEntityManagerFactoryBean [RMI TCP Connection(15)-127.0.0.1] Closing JPA EntityManagerFactory for persistence unit 'default'
2022-01-23 20:59:22,240 INFO com.zaxxer.hikari.HikariDataSource [RMI TCP Connection(15)-127.0.0.1] HikariPool-2 - Shutdown initiated...
2022-01-23 20:59:22,540 INFO com.zaxxer.hikari.HikariDataSource [RMI TCP Connection(15)-127.0.0.1] HikariPool-2 - Shutdown completed.
